<?xml version="1.0" encoding="UTF-8"?>
<testsuite name="Homepage Test"
           tests="5"
           failures="0"
           errors="0"
           skipped="0"
           time="6.213">
  <properties />
  
  
            <testcase name="customerShouldDepositMoneySuccessfully" time="1.252" classname="com.bank.testsuite.BankTest" />
                <testcase name="customerShouldLoginAndLogoutSuccessfully" time="0.949" classname="com.bank.testsuite.BankTest" />
                <testcase name="bankManagerShouldAddCustomerSuccessfully" time="1.053" classname="com.bank.testsuite.BankTest" />
                <testcase name="bankManagerShouldOpenAccountSuccessfully" time="1.647" classname="com.bank.testsuite.BankTest" />
                <testcase name="customerShouldWithdrawMoneySuccessfully" time="1.312" classname="com.bank.testsuite.BankTest" />
      
</testsuite>
